<?xml version="1.0" encoding="UTF-8"?>
<testng-results ignored="0" total="3" passed="2" failed="1" skipped="0">
  <reporter-output>
  </reporter-output>
  <suite started-at="2023-01-28T12:47:37 IST" name="Suite" finished-at="2023-01-28T12:48:32 IST" duration-ms="54232">
    <groups>
    </groups>
    <test started-at="2023-01-28T12:47:37 IST" name="Test" finished-at="2023-01-28T12:48:32 IST" duration-ms="54232">
      <class name="com.mycaptain.test.ProCourseTest">
        <test-method is-config="true" signature="initTestData(java.lang.String)[pri:0, instance:com.mycaptain.test.ProCourseTest@f88bfbe]" started-at="2023-01-28T12:47:37 IST" name="initTestData" finished-at="2023-01-28T12:47:37 IST" duration-ms="46" status="PASS">
          <params>
            <param index="0">
              <value>
                <![CDATA[https://staging.learn.mycaptain.in/auth]]>
              </value>
            </param>
          </params>
          <reporter-output>
          </reporter-output>
        </test-method> <!-- initTestData -->
        <test-method is-config="true" signature="initMethod(java.lang.String,java.lang.String)[pri:0, instance:com.mycaptain.test.ProCourseTest@f88bfbe]" started-at="2023-01-28T12:47:37 IST" name="initMethod" finished-at="2023-01-28T12:47:44 IST" duration-ms="6444" status="PASS">
          <params>
            <param index="0">
              <value>
                <![CDATA[https://staging.learn.mycaptain.in/auth]]>
              </value>
            </param>
            <param index="1">
              <value>
                <![CDATA[Chrome]]>
              </value>
            </param>
          </params>
          <reporter-output>
          </reporter-output>
        </test-method> <!-- initMethod -->
        <test-method signature="testVerifyPhoneNumber()[pri:1, instance:com.mycaptain.test.ProCourseTest@f88bfbe]" started-at="2023-01-28T12:47:44 IST" name="testVerifyPhoneNumber" finished-at="2023-01-28T12:47:51 IST" duration-ms="7475" status="PASS">
          <reporter-output>
          </reporter-output>
        </test-method> <!-- testVerifyPhoneNumber -->
        <test-method signature="testVerifyOTP()[pri:2, instance:com.mycaptain.test.ProCourseTest@f88bfbe]" started-at="2023-01-28T12:47:51 IST" name="testVerifyOTP" finished-at="2023-01-28T12:47:58 IST" duration-ms="6885" status="PASS">
          <reporter-output>
          </reporter-output>
        </test-method> <!-- testVerifyOTP -->
        <test-method signature="testVerifyProCourse(java.lang.String)[pri:3, instance:com.mycaptain.test.ProCourseTest@f88bfbe]" started-at="2023-01-28T12:47:58 IST" name="testVerifyProCourse" finished-at="2023-01-28T12:48:31 IST" duration-ms="32823" status="FAIL">
          <params>
            <param index="0">
              <value>
                <![CDATA[https://staging.app.mycaptain.in/lms/course/1132?subId=7544]]>
              </value>
            </param>
          </params>
          <exception class="org.openqa.selenium.ElementNotInteractableException">
            <message>
              <![CDATA[element not interactable
  (Session info: chrome=109.0.5414.120)
Build info: version: '4.1.1', revision: 'e8fcc2cecf'
System info: host: 'LAPTOP-QS16KLAB', ip: '192.168.0.44', os.name: 'Windows 10', os.arch: 'amd64', os.version: '10.0', java.version: '15.0.2'
Driver info: org.openqa.selenium.chrome.ChromeDriver
Command: [3ddfccaabd3836544d7d1f100ea4c150, sendKeysToElement {id=98cb860f-bfeb-49b1-b44e-a89e3185537d, value=[Ljava.lang.CharSequence;@4ec28534}]
Capabilities {acceptInsecureCerts: false, browserName: chrome, browserVersion: 109.0.5414.120, chrome: {chromedriverVersion: 109.0.5414.74 (e7c5703604da..., userDataDir: C:\Users\mamat\AppData\Loca...}, goog:chromeOptions: {debuggerAddress: localhost:53852}, javascriptEnabled: true, networkConnectionEnabled: false, pageLoadStrategy: eager, platform: WINDOWS, platformName: WINDOWS, proxy: Proxy(), se:cdp: ws://localhost:53852/devtoo..., se:cdpVersion: 109.0.5414.120, setWindowRect: true, strictFileInteractability: false, timeouts: {implicit: 0, pageLoad: 300000, script: 30000}, unhandledPromptBehavior: dismiss and notify, webauthn:extension:credBlob: true, webauthn:extension:largeBlob: true, webauthn:virtualAuthenticators: true}
Element: [[ChromeDriver: chrome on WINDOWS (3ddfccaabd3836544d7d1f100ea4c150)] -> xpath: //div[@class="flex ml-[12px] gap-[8px] items-center flex-wrap"]//div[contains(text(), 'Portfolio Project')]]
Session ID: 3ddfccaabd3836544d7d1f100ea4c150]]>
            </message>
            <full-stacktrace>
              <![CDATA[org.openqa.selenium.ElementNotInteractableException: element not interactable
  (Session info: chrome=109.0.5414.120)
Build info: version: '4.1.1', revision: 'e8fcc2cecf'
System info: host: 'LAPTOP-QS16KLAB', ip: '192.168.0.44', os.name: 'Windows 10', os.arch: 'amd64', os.version: '10.0', java.version: '15.0.2'
Driver info: org.openqa.selenium.chrome.ChromeDriver
Command: [3ddfccaabd3836544d7d1f100ea4c150, sendKeysToElement {id=98cb860f-bfeb-49b1-b44e-a89e3185537d, value=[Ljava.lang.CharSequence;@4ec28534}]
Capabilities {acceptInsecureCerts: false, browserName: chrome, browserVersion: 109.0.5414.120, chrome: {chromedriverVersion: 109.0.5414.74 (e7c5703604da..., userDataDir: C:\Users\mamat\AppData\Loca...}, goog:chromeOptions: {debuggerAddress: localhost:53852}, javascriptEnabled: true, networkConnectionEnabled: false, pageLoadStrategy: eager, platform: WINDOWS, platformName: WINDOWS, proxy: Proxy(), se:cdp: ws://localhost:53852/devtoo..., se:cdpVersion: 109.0.5414.120, setWindowRect: true, strictFileInteractability: false, timeouts: {implicit: 0, pageLoad: 300000, script: 30000}, unhandledPromptBehavior: dismiss and notify, webauthn:extension:credBlob: true, webauthn:extension:largeBlob: true, webauthn:virtualAuthenticators: true}
Element: [[ChromeDriver: chrome on WINDOWS (3ddfccaabd3836544d7d1f100ea4c150)] -> xpath: //div[@class="flex ml-[12px] gap-[8px] items-center flex-wrap"]//div[contains(text(), 'Portfolio Project')]]
Session ID: 3ddfccaabd3836544d7d1f100ea4c150
at java.base/jdk.internal.reflect.NativeConstructorAccessorImpl.newInstance0(Native Method)
at java.base/jdk.internal.reflect.NativeConstructorAccessorImpl.newInstance(NativeConstructorAccessorImpl.java:64)
at java.base/jdk.internal.reflect.DelegatingConstructorAccessorImpl.newInstance(DelegatingConstructorAccessorImpl.java:45)
at java.base/java.lang.reflect.Constructor.newInstanceWithCaller(Constructor.java:500)
at java.base/java.lang.reflect.Constructor.newInstance(Constructor.java:481)
at org.openqa.selenium.remote.codec.w3c.W3CHttpResponseCodec.createException(W3CHttpResponseCodec.java:200)
at org.openqa.selenium.remote.codec.w3c.W3CHttpResponseCodec.decode(W3CHttpResponseCodec.java:133)
at org.openqa.selenium.remote.codec.w3c.W3CHttpResponseCodec.decode(W3CHttpResponseCodec.java:53)
at org.openqa.selenium.remote.HttpCommandExecutor.execute(HttpCommandExecutor.java:184)
at org.openqa.selenium.remote.service.DriverCommandExecutor.invokeExecute(DriverCommandExecutor.java:167)
at org.openqa.selenium.remote.service.DriverCommandExecutor.execute(DriverCommandExecutor.java:142)
at org.openqa.selenium.remote.RemoteWebDriver.execute(RemoteWebDriver.java:543)
at org.openqa.selenium.remote.RemoteWebElement.execute(RemoteWebElement.java:251)
at org.openqa.selenium.remote.RemoteWebElement.sendKeys(RemoteWebElement.java:107)
at java.base/jdk.internal.reflect.NativeMethodAccessorImpl.invoke0(Native Method)
at java.base/jdk.internal.reflect.NativeMethodAccessorImpl.invoke(NativeMethodAccessorImpl.java:64)
at java.base/jdk.internal.reflect.DelegatingMethodAccessorImpl.invoke(DelegatingMethodAccessorImpl.java:43)
at java.base/java.lang.reflect.Method.invoke(Method.java:564)
at org.openqa.selenium.support.pagefactory.internal.LocatingElementHandler.invoke(LocatingElementHandler.java:52)
at com.sun.proxy.$Proxy24.sendKeys(Unknown Source)
at com.mycaptain.pages.ProCoursePage.clickOnPortfolioButton(ProCoursePage.java:46)
at com.mycaptain.test.ProCourseTest.testVerifyProCourse(ProCourseTest.java:84)
at java.base/jdk.internal.reflect.NativeMethodAccessorImpl.invoke0(Native Method)
at java.base/jdk.internal.reflect.NativeMethodAccessorImpl.invoke(NativeMethodAccessorImpl.java:64)
at java.base/jdk.internal.reflect.DelegatingMethodAccessorImpl.invoke(DelegatingMethodAccessorImpl.java:43)
at java.base/java.lang.reflect.Method.invoke(Method.java:564)
at org.testng.internal.MethodInvocationHelper.invokeMethod(MethodInvocationHelper.java:133)
at org.testng.internal.TestInvoker.invokeMethod(TestInvoker.java:598)
at org.testng.internal.TestInvoker.invokeTestMethod(TestInvoker.java:173)
at org.testng.internal.MethodRunner.runInSequence(MethodRunner.java:46)
at org.testng.internal.TestInvoker$MethodInvocationAgent.invoke(TestInvoker.java:824)
at org.testng.internal.TestInvoker.invokeTestMethods(TestInvoker.java:146)
at org.testng.internal.TestMethodWorker.invokeTestMethods(TestMethodWorker.java:146)
at org.testng.internal.TestMethodWorker.run(TestMethodWorker.java:128)
at java.base/java.util.ArrayList.forEach(ArrayList.java:1511)
at org.testng.TestRunner.privateRun(TestRunner.java:794)
at org.testng.TestRunner.run(TestRunner.java:596)
at org.testng.SuiteRunner.runTest(SuiteRunner.java:377)
at org.testng.SuiteRunner.runSequentially(SuiteRunner.java:371)
at org.testng.SuiteRunner.privateRun(SuiteRunner.java:332)
at org.testng.SuiteRunner.run(SuiteRunner.java:276)
at org.testng.SuiteRunnerWorker.runSuite(SuiteRunnerWorker.java:53)
at org.testng.SuiteRunnerWorker.run(SuiteRunnerWorker.java:96)
at org.testng.TestNG.runSuitesSequentially(TestNG.java:1212)
at org.testng.TestNG.runSuitesLocally(TestNG.java:1134)
at org.testng.TestNG.runSuites(TestNG.java:1063)
at org.testng.TestNG.run(TestNG.java:1031)
at org.testng.remote.AbstractRemoteTestNG.run(AbstractRemoteTestNG.java:115)
at org.testng.remote.RemoteTestNG.initAndRun(RemoteTestNG.java:251)
at org.testng.remote.RemoteTestNG.main(RemoteTestNG.java:77)
]]>
            </full-stacktrace>
          </exception> <!-- org.openqa.selenium.ElementNotInteractableException -->
          <reporter-output>
          </reporter-output>
        </test-method> <!-- testVerifyProCourse -->
        <test-method is-config="true" signature="quitdriver()[pri:0, instance:com.mycaptain.test.ProCourseTest@f88bfbe]" started-at="2023-01-28T12:48:32 IST" name="quitdriver" finished-at="2023-01-28T12:48:32 IST" duration-ms="2" status="PASS">
          <reporter-output>
          </reporter-output>
        </test-method> <!-- quitdriver -->
      </class> <!-- com.mycaptain.test.ProCourseTest -->
    </test> <!-- Test -->
  </suite> <!-- Suite -->
</testng-results>
